Using pre-set license
Built from '2020.3/release' branch; Version is '2020.3.12f1 (b3b2c6512326) revision 11776710'; Using compiler version '192528614'; Build Type 'Release'
OS: 'Windows 10 Pro; OS build 19042.1083; Version 2009; 64bit' Language: 'en' Physical Memory: 8078 MB
BatchMode: 1, IsHumanControllingUs: 0, StartBugReporterOnCrash: 0, Is64bit: 1, IsPro: 0

 COMMAND LINE ARGUMENTS:
C:\Program Files\Unity\Editor\Unity.exe
-adb2
-batchMode
-noUpm
-name
AssetImportWorker2
-projectPath
C:/Users/Gabriel/Documents/Unity/Cards
-logFile
Logs/AssetImportWorker2.log
-srvPort
52466
Successfully changed project path to: C:/Users/Gabriel/Documents/Unity/Cards
C:/Users/Gabriel/Documents/Unity/Cards
Using Asset Import Pipeline V2.
Refreshing native plugins compatible for Editor in 41.58 ms, found 3 plugins.
Preloading 0 native plugins for Editor in 0.00 ms.
Initialize engine version: 2020.3.12f1 (b3b2c6512326)
[Subsystems] Discovering subsystems at path C:/Program Files/Unity/Editor/Data/Resources/UnitySubsystems
[Subsystems] Discovering subsystems at path C:/Users/Gabriel/Documents/Unity/Cards/Assets
GfxDevice: creating device client; threaded=0
Direct3D:
    Version:  Direct3D 11.0 [level 11.1]
    Renderer: Intel(R) UHD Graphics 620 (ID=0x3ea0)
    Vendor:   
    VRAM:     4039 MB
    Driver:   27.20.100.8853
Initialize mono
Mono path[0] = 'C:/Program Files/Unity/Editor/Data/Managed'
Mono path[1] = 'C:/Program Files/Unity/Editor/Data/MonoBleedingEdge/lib/mono/unityjit'
Mono config path = 'C:/Program Files/Unity/Editor/Data/MonoBleedingEdge/etc'
Using monoOptions --debugger-agent=transport=dt_socket,embedding=1,server=y,suspend=n,address=127.0.0.1:56792
Begin MonoManager ReloadAssembly
Registering precompiled unity dll's ...
Register platform support module: C:/Program Files/Unity/Editor/Data/PlaybackEngines/WindowsStandaloneSupport/UnityEditor.WindowsStandalone.Extensions.dll
Registered in 0.001757 seconds.
Native extension for WindowsStandalone target not found
Refreshing native plugins compatible for Editor in 41.75 ms, found 3 plugins.
Preloading 0 native plugins for Editor in 0.00 ms.
Mono: successfully reloaded assembly
- Completed reload, in  0.995 seconds
Platform modules already initialized, skipping
Registering precompiled user dll's ...
Registered in 0.004022 seconds.
Begin MonoManager ReloadAssembly
Native extension for WindowsStandalone target not found
Refreshing native plugins compatible for Editor in 40.37 ms, found 3 plugins.
Preloading 0 native plugins for Editor in 0.00 ms.
Mono: successfully reloaded assembly
- Completed reload, in  3.719 seconds
Platform modules already initialized, skipping
========================================================================
Worker process is ready to serve import requests
Launched and connected shader compiler UnityShaderCompiler.exe after 0.04 seconds
Refreshing native plugins compatible for Editor in 0.77 ms, found 3 plugins.
Preloading 0 native plugins for Editor in 0.00 ms.
Unloading 2080 Unused Serialized files (Serialized files now loaded: 0)
System memory in use before: 92.8 MB.
System memory in use after: 92.8 MB.

Unloading 33 unused Assets to reduce memory usage. Loaded Objects now: 2514.
Total: 2.610300 ms (FindLiveObjects: 0.198000 ms CreateObjectMapping: 0.068400 ms MarkObjects: 2.175500 ms  DeleteObjects: 0.167600 ms)

AssetImportParameters requested are different than current active one (requested -> active):
  custom:framework-win-MediaFoundation: 216162199b28c13a410421893ffa2e32 -> 
  custom:video-decoder-ogg-theora: a1e56fd34408186e4bbccfd4996cb3dc -> 
  custom:container-muxer-webm: aa71ff27fc2769a1b78a27578f13a17b -> 
  custom:container-demuxer-webm: 4f35f7cbe854078d1ac9338744f61a02 -> 
  custom:container-demuxer-ogg: 62fdf1f143b41e24485cea50d1cbac27 -> 
  custom:video-encoder-webm-vp8: eb34c28f22e8b96e1ab97ce403110664 -> 
  custom:video-decoder-webm-vp8: 9c59270c3fd7afecdb556c50c9e8de78 -> 
  custom:audio-decoder-ogg-vorbis: bf7c407c2cedff20999df2af8eb42d56 -> 
  custom:audio-encoder-webm-vorbis: bf7c407c2cedff20999df2af8eb42d56 -> 
========================================================================
Received Import Request.
  path: Assets/Card_Shirts_Lite/PNG
  artifactKey: Guid(728883151efda6a4eb3db7ab321647ba) Importer(815301076,1909f56bfc062723c751e8b465ee728b)
Start importing Assets/Card_Shirts_Lite/PNG using Guid(728883151efda6a4eb3db7ab321647ba) Importer(815301076,1909f56bfc062723c751e8b465ee728b)  -> (artifact id: '1c5b71eb10ccf2ba79ee7e412bf01e1a') in 0.182089 seconds 
  Import took 0.287414 seconds .

========================================================================
Received Import Request.
  Time since last request: 0.000501 seconds.
  path: Assets/Card_Shirts_Lite
  artifactKey: Guid(54dd919d14154a54c96e490d2d53f800) Importer(815301076,1909f56bfc062723c751e8b465ee728b)
Start importing Assets/Card_Shirts_Lite using Guid(54dd919d14154a54c96e490d2d53f800) Importer(815301076,1909f56bfc062723c751e8b465ee728b)  -> (artifact id: '9b199c4e63a4be40b6976780f8ecf7e3') in 0.041933 seconds 
  Import took 0.045909 seconds .

========================================================================
Received Import Request.
  Time since last request: 0.000315 seconds.
  path: Assets/Card_Shirts_Lite/PNG/Card_shirt_01.png
  artifactKey: Guid(c7bf45f0ef95bed4491c5809fc6bf484) Importer(815301076,1909f56bfc062723c751e8b465ee728b)
Start importing Assets/Card_Shirts_Lite/PNG/Card_shirt_01.png using Guid(c7bf45f0ef95bed4491c5809fc6bf484) Importer(815301076,1909f56bfc062723c751e8b465ee728b)  -> (artifact id: '0254e8967afaa0c2c53e142eae2eab31') in 0.463765 seconds 
  Import took 0.504738 seconds .

========================================================================
Received Import Request.
  Time since last request: 0.000890 seconds.
  path: Assets/Card_Shirts_Lite/PNG/Card_shirt_04.png
  artifactKey: Guid(5915cdc174101e540b3349e21ee2cd74) Importer(815301076,1909f56bfc062723c751e8b465ee728b)
Start importing Assets/Card_Shirts_Lite/PNG/Card_shirt_04.png using Guid(5915cdc174101e540b3349e21ee2cd74) Importer(815301076,1909f56bfc062723c751e8b465ee728b)  -> (artifact id: 'b137928b0e71384cb3da289f329640c4') in 0.047251 seconds 
  Import took 0.103233 seconds .

========================================================================
Received Import Request.
  Time since last request: 0.021199 seconds.
  path: Assets/Card_Shirts_Lite/PNG/Card_shirt_04.png
  artifactKey: Guid(5915cdc174101e540b3349e21ee2cd74) Importer(815301076,1909f56bfc062723c751e8b465ee728b)
Start importing Assets/Card_Shirts_Lite/PNG/Card_shirt_04.png using Guid(5915cdc174101e540b3349e21ee2cd74) Importer(815301076,1909f56bfc062723c751e8b465ee728b)  -> (artifact id: 'b137928b0e71384cb3da289f329640c4') in 0.100436 seconds 
  Import took 0.103802 seconds .

========================================================================
Received Import Request.
  Time since last request: 305.165676 seconds.
  path: Assets
  artifactKey: Guid(00000000000000001000000000000000) Importer(815301076,1909f56bfc062723c751e8b465ee728b)
Start importing Assets using Guid(00000000000000001000000000000000) Importer(815301076,1909f56bfc062723c751e8b465ee728b)  -> (artifact id: '42d402b061de3733987d63b9cc3b64de') in 0.028591 seconds 
  Import took 0.033365 seconds .

========================================================================
Received Import Request.
  Time since last request: 3.519916 seconds.
  path: Assets/Prefabs
  artifactKey: Guid(cfc57fcd88aa5a645a5d0a1ed24b4736) Importer(815301076,1909f56bfc062723c751e8b465ee728b)
Start importing Assets/Prefabs using Guid(cfc57fcd88aa5a645a5d0a1ed24b4736) Importer(815301076,1909f56bfc062723c751e8b465ee728b)  -> (artifact id: '2f3ef9abdb087db18b1ea05db496256c') in 0.028322 seconds 
  Import took 0.048485 seconds .

========================================================================
Received Import Request.
  Time since last request: 118.690699 seconds.
  path: Assets/Prefabs/Background.prefab
  artifactKey: Guid(8f31fd98bf7696c4898fb70caf129ea8) Importer(815301076,1909f56bfc062723c751e8b465ee728b)
Start importing Assets/Prefabs/Background.prefab using Guid(8f31fd98bf7696c4898fb70caf129ea8) Importer(815301076,1909f56bfc062723c751e8b465ee728b)  -> (artifact id: 'cfb9f6d7f1bce090dc4156b36dda4df5') in 0.201475 seconds 
  Import took 0.236832 seconds .

========================================================================
Received Import Request.
  Time since last request: 2.214066 seconds.
  path: Assets/Prefabs/Player Area.prefab
  artifactKey: Guid(d9e44b832ebfd4e43abde4813cc31e1f) Importer(815301076,1909f56bfc062723c751e8b465ee728b)
Start importing Assets/Prefabs/Player Area.prefab using Guid(d9e44b832ebfd4e43abde4813cc31e1f) Importer(815301076,1909f56bfc062723c751e8b465ee728b)  -> (artifact id: 'e8af459bdf06a6f170287d7228c52a15') in 0.027415 seconds 
  Import took 0.031134 seconds .

========================================================================
Received Import Request.
  Time since last request: 0.001964 seconds.
  path: Assets/Prefabs/Player Area.prefab
  artifactKey: Guid(d9e44b832ebfd4e43abde4813cc31e1f) Importer(815301076,1909f56bfc062723c751e8b465ee728b)
Start importing Assets/Prefabs/Player Area.prefab using Guid(d9e44b832ebfd4e43abde4813cc31e1f) Importer(815301076,1909f56bfc062723c751e8b465ee728b)  -> (artifact id: 'e8af459bdf06a6f170287d7228c52a15') in 0.028476 seconds 
  Import took 0.031786 seconds .

========================================================================
Received Import Request.
  Time since last request: 2.052429 seconds.
  path: Assets/Prefabs/Enemy Area.prefab
  artifactKey: Guid(13ee284b38fa4c24c8ad531bc48152fd) Importer(815301076,1909f56bfc062723c751e8b465ee728b)
Start importing Assets/Prefabs/Enemy Area.prefab using Guid(13ee284b38fa4c24c8ad531bc48152fd) Importer(815301076,1909f56bfc062723c751e8b465ee728b)  -> (artifact id: '507b167dd9dc8d72f3fc894696e17c1c') in 0.030018 seconds 
  Import took 0.033631 seconds .

========================================================================
Received Import Request.
  Time since last request: 0.000794 seconds.
  path: Assets/Prefabs/Enemy Area.prefab
  artifactKey: Guid(13ee284b38fa4c24c8ad531bc48152fd) Importer(815301076,1909f56bfc062723c751e8b465ee728b)
Start importing Assets/Prefabs/Enemy Area.prefab using Guid(13ee284b38fa4c24c8ad531bc48152fd) Importer(815301076,1909f56bfc062723c751e8b465ee728b)  -> (artifact id: '507b167dd9dc8d72f3fc894696e17c1c') in 0.026158 seconds 
  Import took 0.029696 seconds .

========================================================================
Received Import Request.
  Time since last request: 1.892838 seconds.
  path: Assets/Prefabs/Drop Zone.prefab
  artifactKey: Guid(5f92ea3960ec49e4596af75bd2243b13) Importer(815301076,1909f56bfc062723c751e8b465ee728b)
Start importing Assets/Prefabs/Drop Zone.prefab using Guid(5f92ea3960ec49e4596af75bd2243b13) Importer(815301076,1909f56bfc062723c751e8b465ee728b)  -> (artifact id: '71c1dbc82b59b3bfe96f59c9a0d8dd12') in 0.036380 seconds 
  Import took 0.064264 seconds .

========================================================================
Received Import Request.
  Time since last request: 2.609904 seconds.
  path: Assets/Prefabs/Card1.prefab
  artifactKey: Guid(c2da0d5a1337f804eaf4793d893094d7) Importer(815301076,1909f56bfc062723c751e8b465ee728b)
Start importing Assets/Prefabs/Card1.prefab using Guid(c2da0d5a1337f804eaf4793d893094d7) Importer(815301076,1909f56bfc062723c751e8b465ee728b)  -> (artifact id: '93a277ad8ab8790daada021805b82539') in 0.050304 seconds 
  Import took 0.055417 seconds .

========================================================================
Received Import Request.
  Time since last request: 1.773479 seconds.
  path: Assets/Prefabs/Card2.prefab
  artifactKey: Guid(eeae3d35a3b83324e99de15a62765bcc) Importer(815301076,1909f56bfc062723c751e8b465ee728b)
Start importing Assets/Prefabs/Card2.prefab using Guid(eeae3d35a3b83324e99de15a62765bcc) Importer(815301076,1909f56bfc062723c751e8b465ee728b)  -> (artifact id: '9a114c58a489e38df726d5495fec7652') in 0.029321 seconds 
  Import took 0.042793 seconds .

========================================================================
Received Import Request.
  Time since last request: 2.641794 seconds.
  path: Assets/Prefabs/Button.prefab
  artifactKey: Guid(7d8b3e83f467e36458b555d0b626849f) Importer(815301076,1909f56bfc062723c751e8b465ee728b)
Start importing Assets/Prefabs/Button.prefab using Guid(7d8b3e83f467e36458b555d0b626849f) Importer(815301076,1909f56bfc062723c751e8b465ee728b)  -> (artifact id: 'a6a1e99ce6bdf4a11d780a4634a20d05') in 0.070857 seconds 
  Import took 0.087172 seconds .

========================================================================
Received Prepare
Registering precompiled user dll's ...
Registered in 0.003467 seconds.
Begin MonoManager ReloadAssembly
Native extension for WindowsStandalone target not found
Refreshing native plugins compatible for Editor in 0.66 ms, found 3 plugins.
Preloading 0 native plugins for Editor in 0.00 ms.
Mono: successfully reloaded assembly
- Completed reload, in  1.087 seconds
Platform modules already initialized, skipping
Refreshing native plugins compatible for Editor in 0.42 ms, found 3 plugins.
Preloading 0 native plugins for Editor in 0.00 ms.
Unloading 2075 Unused Serialized files (Serialized files now loaded: 0)
System memory in use before: 95.8 MB.
System memory in use after: 95.8 MB.

Unloading 22 unused Assets to reduce memory usage. Loaded Objects now: 2526.
Total: 2.452100 ms (FindLiveObjects: 0.196400 ms CreateObjectMapping: 0.071600 ms MarkObjects: 2.039100 ms  DeleteObjects: 0.144300 ms)

AssetImportParameters requested are different than current active one (requested -> active):
  custom:framework-win-MediaFoundation: 216162199b28c13a410421893ffa2e32 -> 
  custom:video-decoder-ogg-theora: a1e56fd34408186e4bbccfd4996cb3dc -> 
  custom:container-muxer-webm: aa71ff27fc2769a1b78a27578f13a17b -> 
  custom:container-demuxer-webm: 4f35f7cbe854078d1ac9338744f61a02 -> 
  custom:container-demuxer-ogg: 62fdf1f143b41e24485cea50d1cbac27 -> 
  custom:video-encoder-webm-vp8: eb34c28f22e8b96e1ab97ce403110664 -> 
  custom:video-decoder-webm-vp8: 9c59270c3fd7afecdb556c50c9e8de78 -> 
  custom:audio-decoder-ogg-vorbis: bf7c407c2cedff20999df2af8eb42d56 -> 
  custom:audio-encoder-webm-vorbis: bf7c407c2cedff20999df2af8eb42d56 -> 
AssetImportWorkerClient::OnTransportError - code=2 error=End of file
